Arguments: 
  C:\Program Files\nodejs\node.exe C:\Users\18506182460\AppData\Roaming\npm\node_modules\yarn\bin\yarn.js info @vue/cli-plugin-babel --json

PATH: 
  E:\WUYAO\wu-yao-hehehe\node_modules\.bin;E:\WUYAO\node_modules\.bin;E:\node_modules\.bin;C:\Program Files\nodejs;C:\Users\18506182460\AppData\Roaming\npm;C:\Program Files\nodejs\;C:\Windows\system32;C:\Windows;C:\Windows\System32\Wbem;C:\Windows\System32\WindowsPowerShell\v1.0\;C:\Program Files\Common Files\ThinPrint\;C:\Program Files\nodejs\;C:\Program Files\Git\cmd;C:\Program Files\TortoiseSVN\bin;C:\Program Files\dotnet\;C:\Program Files\Microsoft SQL Server\130\Tools\Binn\;C:\Program Files (x86)\Microsoft SQL Server\Client SDK\ODBC\130\Tools\Binn\;C:\Program Files (x86)\Microsoft SQL Server\140\Tools\Binn\;C:\Program Files (x86)\Microsoft SQL Server\140\DTS\Binn\;C:\Program Files (x86)\Microsoft SQL Server\140\Tools\Binn\ManagementStudio\;C:\Program Files (x86)\Yarn\bin\;C:\Program Files\Microsoft VS Code\bin;C:\Program Files (x86)\CodeSmith\v8.0\;E:\WUYAO\wu-yao-hehehe\node_modules\.bin\;C:\Program Files\Microsoft VS Code\bin;C:\Users\18506182460\AppData\Local\Yarn\bin;C:\Users\18506182460\AppData\Local\GitHubDesktop\bin;C:\Users\18506182460\.dotnet\tools

Yarn version: 
  1.7.0

Node version: 
  9.11.1

Platform: 
  win32 x64

Trace: 
  Error: connect ECONNREFUSED 104.16.23.35:443
      at TCPConnectWrap.afterConnect [as oncomplete] (net.js:1174:14)

npm manifest: 
  {
    "name": "wu-yao-hehehe",
    "version": "0.1.0",
    "description": "Blog",
    "author": "titanchen",
    "private": true,
    "scripts": {
      "dev": "vue-cli-service serve",
      "build": "vue-cli-service build",
      "lint": "vue-cli-service lint"
    },
    "dependencies": {
      "axios": "^0.18.0",
      "element": "^0.1.4",
      "element-ui": "^2.4.11",
      "router": "^1.3.3",
      "vue": "^2.5.17",
      "vue-router": "^3.0.2"
    },
    "devDependencies": {
      "@vue/cli-plugin-babel": "^3.2.0",
      "@vue/cli-plugin-eslint": "^3.2.0",
      "@vue/cli-service": "^3.2.0",
      "babel-eslint": "^10.0.1",
      "eslint": "^5.8.0",
      "eslint-plugin-vue": "^5.0.0-0",
      "vue-template-compiler": "^2.5.17"
    },
    "eslintConfig": {
      "root": true,
      "env": {
        "node": true
      },
      "extends": [
        "plugin:vue/essential",
        "eslint:recommended"
      ],
      "rules": {},
      "parserOptions": {
        "parser": "babel-eslint"
      }
    },
    "postcss": {
      "plugins": {
        "autoprefixer": {}
      }
    },
    "browserslist": [
      "> 1%",
      "last 2 versions",
      "not ie <= 8"
    ]
  }

yarn manifest: 
  No manifest

Lockfile: 
  No lockfile
